<?xml version="1.0" encoding="UTF-8"?>
<checkstyle version="8.12">
<file name="C:\Users\rutge\Desktop\Howest\Semesters\S3\Project 2\projectTetris\groep-21\project\src\main\java\game\Game.java">
</file>
<file name="C:\Users\rutge\Desktop\Howest\Semesters\S3\Project 2\projectTetris\groep-21\project\src\main\java\game\api\Tetris.java">
</file>
<file name="C:\Users\rutge\Desktop\Howest\Semesters\S3\Project 2\projectTetris\groep-21\project\src\main\java\game\api\jdbcinteractor\ConnectionDatabase.java">
</file>
<file name="C:\Users\rutge\Desktop\Howest\Semesters\S3\Project 2\projectTetris\groep-21\project\src\main\java\game\api\jdbcinteractor\ConsumerHandlers.java">
<error line="80" column="25" severity="error" message="The String &quot;tetris-21.socket.homescreen.playerinfo&quot; appears 2 times in the file." source="com.puppycrawl.tools.checkstyle.checks.coding.MultipleStringLiteralsCheck"/>
<error line="88" severity="error" message="&apos;lambda arguments&apos; has incorrect indentation level 16, expected level should be 12." source="com.puppycrawl.tools.checkstyle.checks.indentation.IndentationCheck"/>
<error line="89" severity="error" message="&apos;if&apos; has incorrect indentation level 20, expected level should be 16." source="com.puppycrawl.tools.checkstyle.checks.indentation.IndentationCheck"/>
<error line="90" severity="error" message="&apos;if&apos; child has incorrect indentation level 24, expected level should be 20." source="com.puppycrawl.tools.checkstyle.checks.indentation.IndentationCheck"/>
<error line="92" severity="error" message="&apos;if rcurly&apos; has incorrect indentation level 20, expected level should be 16." source="com.puppycrawl.tools.checkstyle.checks.indentation.IndentationCheck"/>
<error line="93" severity="error" message="&apos;else&apos; child has incorrect indentation level 24, expected level should be 20." source="com.puppycrawl.tools.checkstyle.checks.indentation.IndentationCheck"/>
<error line="93" column="37" severity="error" message="The String &quot;Could not get info from DB: &quot; appears 5 times in the file." source="com.puppycrawl.tools.checkstyle.checks.coding.MultipleStringLiteralsCheck"/>
<error line="94" severity="error" message="&apos;else rcurly&apos; has incorrect indentation level 20, expected level should be 16." source="com.puppycrawl.tools.checkstyle.checks.indentation.IndentationCheck"/>
<error line="95" severity="error" message="&apos;block rcurly&apos; has incorrect indentation level 16, expected level should be 12." source="com.puppycrawl.tools.checkstyle.checks.indentation.IndentationCheck"/>
<error line="98" column="29" severity="error" message="Name &apos;UserId&apos; must match pattern &apos;^[a-z][a-zA-Z0-9]*$&apos;." source="com.puppycrawl.tools.checkstyle.checks.naming.ParameterNameCheck"/>
<error line="99" column="20" severity="error" message="Variable &apos;reponse&apos; should be declared final." source="com.puppycrawl.tools.checkstyle.checks.coding.FinalLocalVariableCheck"/>
<error line="102" severity="error" message="&apos;lambda arguments&apos; has incorrect indentation level 16, expected level should be 12." source="com.puppycrawl.tools.checkstyle.checks.indentation.IndentationCheck"/>
<error line="103" severity="error" message="&apos;if&apos; has incorrect indentation level 20, expected level should be 16." source="com.puppycrawl.tools.checkstyle.checks.indentation.IndentationCheck"/>
<error line="104" severity="error" message="&apos;if&apos; child has incorrect indentation level 24, expected level should be 20." source="com.puppycrawl.tools.checkstyle.checks.indentation.IndentationCheck"/>
<error line="104" column="35" severity="error" message="Variable &apos;rs&apos; should be declared final." source="com.puppycrawl.tools.checkstyle.checks.coding.FinalLocalVariableCheck"/>
<error line="105" severity="error" message="&apos;if&apos; child has incorrect indentation level 24, expected level should be 20." source="com.puppycrawl.tools.checkstyle.checks.indentation.IndentationCheck"/>
<error line="105" column="44" severity="error" message="&apos;,&apos; is not followed by whitespace." source="com.puppycrawl.tools.checkstyle.checks.whitespace.WhitespaceAfterCheck"/>
<error line="105" column="66" severity="error" message="&apos;)&apos; is preceded with whitespace." source="com.puppycrawl.tools.checkstyle.checks.whitespace.ParenPadCheck"/>
<error line="106" severity="error" message="&apos;if rcurly&apos; has incorrect indentation level 20, expected level should be 16." source="com.puppycrawl.tools.checkstyle.checks.indentation.IndentationCheck"/>
<error line="107" severity="error" message="&apos;else&apos; child has incorrect indentation level 24, expected level should be 20." source="com.puppycrawl.tools.checkstyle.checks.indentation.IndentationCheck"/>
<error line="108" severity="error" message="&apos;else rcurly&apos; has incorrect indentation level 20, expected level should be 16." source="com.puppycrawl.tools.checkstyle.checks.indentation.IndentationCheck"/>
<error line="109" severity="error" message="&apos;block&apos; child has incorrect indentation level 20, expected level should be 16." source="com.puppycrawl.tools.checkstyle.checks.indentation.IndentationCheck"/>
<error line="110" severity="error" message="&apos;block rcurly&apos; has incorrect indentation level 16, expected level should be 12." source="com.puppycrawl.tools.checkstyle.checks.indentation.IndentationCheck"/>
<error line="116" column="19" severity="error" message="Variable &apos;params&apos; should be declared final." source="com.puppycrawl.tools.checkstyle.checks.coding.FinalLocalVariableCheck"/>
<error line="119" column="30" severity="error" message="Variable &apos;updateResult&apos; should be declared final." source="com.puppycrawl.tools.checkstyle.checks.coding.FinalLocalVariableCheck"/>
<error line="122" column="33" severity="error" message="The String &quot;Could not insert into faction.&quot; appears 2 times in the file." source="com.puppycrawl.tools.checkstyle.checks.coding.MultipleStringLiteralsCheck"/>
<error line="139" severity="error" message="&apos;lambda arguments&apos; has incorrect indentation level 16, expected level should be 12." source="com.puppycrawl.tools.checkstyle.checks.indentation.IndentationCheck"/>
<error line="140" severity="error" message="&apos;block&apos; child has incorrect indentation level 20, expected level should be 16." source="com.puppycrawl.tools.checkstyle.checks.indentation.IndentationCheck"/>
<error line="140" column="32" severity="error" message="Variable &apos;player&apos; should be declared final." source="com.puppycrawl.tools.checkstyle.checks.coding.FinalLocalVariableCheck"/>
<error line="141" severity="error" message="&apos;if&apos; has incorrect indentation level 20, expected level should be 16." source="com.puppycrawl.tools.checkstyle.checks.indentation.IndentationCheck"/>
<error line="142" severity="error" message="&apos;if&apos; child has incorrect indentation level 24, expected level should be 20." source="com.puppycrawl.tools.checkstyle.checks.indentation.IndentationCheck"/>
<error line="142" column="35" severity="error" message="Variable &apos;rs&apos; should be declared final." source="com.puppycrawl.tools.checkstyle.checks.coding.FinalLocalVariableCheck"/>
<error line="143" severity="error" message="&apos;if&apos; child has incorrect indentation level 24, expected level should be 20." source="com.puppycrawl.tools.checkstyle.checks.indentation.IndentationCheck"/>
<error line="143" column="36" severity="error" message="The String &quot;player&quot; appears 2 times in the file." source="com.puppycrawl.tools.checkstyle.checks.coding.MultipleStringLiteralsCheck"/>
<error line="144" severity="error" message="&apos;if&apos; child has incorrect indentation level 24, expected level should be 20." source="com.puppycrawl.tools.checkstyle.checks.indentation.IndentationCheck"/>
<error line="146" severity="error" message="&apos;if&apos; child has incorrect indentation level 24, expected level should be 20." source="com.puppycrawl.tools.checkstyle.checks.indentation.IndentationCheck"/>
<error line="147" severity="error" message="&apos;if rcurly&apos; has incorrect indentation level 20, expected level should be 16." source="com.puppycrawl.tools.checkstyle.checks.indentation.IndentationCheck"/>
<error line="148" severity="error" message="&apos;else&apos; child has incorrect indentation level 24, expected level should be 20." source="com.puppycrawl.tools.checkstyle.checks.indentation.IndentationCheck"/>
<error line="149" severity="error" message="&apos;else rcurly&apos; has incorrect indentation level 20, expected level should be 16." source="com.puppycrawl.tools.checkstyle.checks.indentation.IndentationCheck"/>
<error line="151" severity="error" message="&apos;block&apos; child has incorrect indentation level 20, expected level should be 16." source="com.puppycrawl.tools.checkstyle.checks.indentation.IndentationCheck"/>
<error line="152" severity="error" message="&apos;block&apos; child has incorrect indentation level 20, expected level should be 16." source="com.puppycrawl.tools.checkstyle.checks.indentation.IndentationCheck"/>
<error line="153" severity="error" message="&apos;block rcurly&apos; has incorrect indentation level 16, expected level should be 12." source="com.puppycrawl.tools.checkstyle.checks.indentation.IndentationCheck"/>
<error line="158" column="20" severity="error" message="Variable &apos;reponse&apos; should be declared final." source="com.puppycrawl.tools.checkstyle.checks.coding.FinalLocalVariableCheck"/>
<error line="161" severity="error" message="&apos;lambda arguments&apos; has incorrect indentation level 16, expected level should be 12." source="com.puppycrawl.tools.checkstyle.checks.indentation.IndentationCheck"/>
<error line="162" severity="error" message="&apos;if&apos; has incorrect indentation level 20, expected level should be 16." source="com.puppycrawl.tools.checkstyle.checks.indentation.IndentationCheck"/>
<error line="163" severity="error" message="&apos;if&apos; child has incorrect indentation level 24, expected level should be 20." source="com.puppycrawl.tools.checkstyle.checks.indentation.IndentationCheck"/>
<error line="163" column="35" severity="error" message="Variable &apos;rs&apos; should be declared final." source="com.puppycrawl.tools.checkstyle.checks.coding.FinalLocalVariableCheck"/>
<error line="164" severity="error" message="&apos;if&apos; child has incorrect indentation level 24, expected level should be 20." source="com.puppycrawl.tools.checkstyle.checks.indentation.IndentationCheck"/>
<error line="165" severity="error" message="&apos;if&apos; child has incorrect indentation level 24, expected level should be 20." source="com.puppycrawl.tools.checkstyle.checks.indentation.IndentationCheck"/>
<error line="166" severity="error" message="&apos;if&apos; child has incorrect indentation level 24, expected level should be 20." source="com.puppycrawl.tools.checkstyle.checks.indentation.IndentationCheck"/>
<error line="166" column="35" severity="error" message="Variable &apos;jsonArray&apos; should be declared final." source="com.puppycrawl.tools.checkstyle.checks.coding.FinalLocalVariableCheck"/>
<error line="167" severity="error" message="&apos;if&apos; child has incorrect indentation level 24, expected level should be 20." source="com.puppycrawl.tools.checkstyle.checks.indentation.IndentationCheck"/>
<error line="168" severity="error" message="&apos;if&apos; child has incorrect indentation level 24, expected level should be 20." source="com.puppycrawl.tools.checkstyle.checks.indentation.IndentationCheck"/>
<error line="170" severity="error" message="&apos;if&apos; has incorrect indentation level 24, expected level should be 20." source="com.puppycrawl.tools.checkstyle.checks.indentation.IndentationCheck"/>
<error line="171" severity="error" message="&apos;if&apos; child has incorrect indentation level 28, expected level should be 24." source="com.puppycrawl.tools.checkstyle.checks.indentation.IndentationCheck"/>
<error line="172" severity="error" message="&apos;if&apos; child has incorrect indentation level 28, expected level should be 24." source="com.puppycrawl.tools.checkstyle.checks.indentation.IndentationCheck"/>
<error line="173" severity="error" message="&apos;if&apos; child has incorrect indentation level 28, expected level should be 24." source="com.puppycrawl.tools.checkstyle.checks.indentation.IndentationCheck"/>
<error line="174" severity="error" message="&apos;if&apos; child has incorrect indentation level 28, expected level should be 24." source="com.puppycrawl.tools.checkstyle.checks.indentation.IndentationCheck"/>
<error line="175" severity="error" message="&apos;if rcurly&apos; has incorrect indentation level 24, expected level should be 20." source="com.puppycrawl.tools.checkstyle.checks.indentation.IndentationCheck"/>
<error line="176" severity="error" message="&apos;if&apos; child has incorrect indentation level 24, expected level should be 20." source="com.puppycrawl.tools.checkstyle.checks.indentation.IndentationCheck"/>
<error line="177" severity="error" message="&apos;if rcurly&apos; has incorrect indentation level 20, expected level should be 16." source="com.puppycrawl.tools.checkstyle.checks.indentation.IndentationCheck"/>
<error line="179" severity="error" message="&apos;else rcurly&apos; has incorrect indentation level 20, expected level should be 16." source="com.puppycrawl.tools.checkstyle.checks.indentation.IndentationCheck"/>
<error line="181" severity="error" message="&apos;block&apos; child has incorrect indentation level 20, expected level should be 16." source="com.puppycrawl.tools.checkstyle.checks.indentation.IndentationCheck"/>
<error line="182" severity="error" message="&apos;block rcurly&apos; has incorrect indentation level 16, expected level should be 12." source="com.puppycrawl.tools.checkstyle.checks.indentation.IndentationCheck"/>
<error line="186" column="20" severity="error" message="Variable &apos;passwordFromDb&apos; should be declared final." source="com.puppycrawl.tools.checkstyle.checks.coding.FinalLocalVariableCheck"/>
<error line="187" column="20" severity="error" message="Variable &apos;passwordResult&apos; should be declared final." source="com.puppycrawl.tools.checkstyle.checks.coding.FinalLocalVariableCheck"/>
<error line="191" column="27" severity="error" message="Variable &apos;rs&apos; should be declared final." source="com.puppycrawl.tools.checkstyle.checks.coding.FinalLocalVariableCheck"/>
<error line="192" column="36" severity="error" message="The String &quot;password&quot; appears 2 times in the file." source="com.puppycrawl.tools.checkstyle.checks.coding.MultipleStringLiteralsCheck"/>
<error line="193" column="25" severity="error" message="Variable &apos;samePassword&apos; should be declared final." source="com.puppycrawl.tools.checkstyle.checks.coding.FinalLocalVariableCheck"/>
<error line="194" column="36" severity="error" message="The String &quot;canLogin&quot; appears 3 times in the file." source="com.puppycrawl.tools.checkstyle.checks.coding.MultipleStringLiteralsCheck"/>
<error line="197" column="48" severity="error" message="The String &quot;false&quot; appears 2 times in the file." source="com.puppycrawl.tools.checkstyle.checks.coding.MultipleStringLiteralsCheck"/>
<error line="205" column="20" severity="error" message="Variable &apos;couldLogin&apos; should be declared final." source="com.puppycrawl.tools.checkstyle.checks.coding.FinalLocalVariableCheck"/>
<error line="206" column="16" severity="error" message="Variable &apos;hashedPassword&apos; should be declared final." source="com.puppycrawl.tools.checkstyle.checks.coding.FinalLocalVariableCheck"/>
<error line="214" column="32" severity="error" message="The String &quot;register&quot; appears 3 times in the file." source="com.puppycrawl.tools.checkstyle.checks.coding.MultipleStringLiteralsCheck"/>
<error line="275" severity="error" message="Comment has incorrect indentation level 0, expected is 4, indentation should be the same level as line 204." source="com.puppycrawl.tools.checkstyle.checks.indentation.CommentsIndentationCheck"/>
</file>
<file name="C:\Users\rutge\Desktop\Howest\Semesters\S3\Project 2\projectTetris\groep-21\project\src\main\java\game\api\jdbcinteractor\Database.java">
<error line="4" severity="error" message="Missing a Javadoc comment." source="com.puppycrawl.tools.checkstyle.checks.javadoc.JavadocTypeCheck"/>
<error line="4" column="1" severity="error" message="Utility classes should not have a public or default constructor." source="com.puppycrawl.tools.checkstyle.checks.design.HideUtilityClassConstructorCheck"/>
<error line="7" column="45" severity="error" message="&apos;{&apos; is not preceded with whitespace." source="com.puppycrawl.tools.checkstyle.checks.whitespace.WhitespaceAroundCheck"/>
</file>
<file name="C:\Users\rutge\Desktop\Howest\Semesters\S3\Project 2\projectTetris\groep-21\project\src\main\java\game\api\webapi\GameController.java">
<error line="21" severity="error" message="Missing a Javadoc comment." source="com.puppycrawl.tools.checkstyle.checks.javadoc.JavadocTypeCheck"/>
<error line="21" column="1" severity="error" message="Class Data Abstraction Coupling is 14 (max allowed is 7) classes [AbilityLvl1, AbilityLvl2, AbilityLvl3, Event, Events, Game, Gold, Hero, Info, Lifepoints, Player, Playfield, Playfields, PointsForAbilities]." source="com.puppycrawl.tools.checkstyle.checks.metrics.ClassDataAbstractionCouplingCheck"/>
<error line="23" column="10" severity="error" message="Variable &apos;game&apos; explicitly initialized to &apos;null&apos; (default value for its type)." source="com.puppycrawl.tools.checkstyle.checks.coding.ExplicitInitializationCheck"/>
<error line="23" column="10" severity="error" message="Variable &apos;game&apos; must be private and have accessor methods." source="com.puppycrawl.tools.checkstyle.checks.design.VisibilityModifierCheck"/>
<error line="35" column="24" severity="error" message="&apos;{&apos; is not preceded with whitespace." source="com.puppycrawl.tools.checkstyle.checks.whitespace.WhitespaceAroundCheck"/>
<error line="39" column="26" severity="error" message="&apos;{&apos; is not preceded with whitespace." source="com.puppycrawl.tools.checkstyle.checks.whitespace.WhitespaceAroundCheck"/>
<error line="45" column="46" severity="error" message="&apos;{&apos; is not preceded with whitespace." source="com.puppycrawl.tools.checkstyle.checks.whitespace.WhitespaceAroundCheck"/>
<error line="49" column="46" severity="error" message="&apos;{&apos; is not preceded with whitespace." source="com.puppycrawl.tools.checkstyle.checks.whitespace.WhitespaceAroundCheck"/>
<error line="53" column="42" severity="error" message="&apos;{&apos; is not preceded with whitespace." source="com.puppycrawl.tools.checkstyle.checks.whitespace.WhitespaceAroundCheck"/>
<error line="59" column="46" severity="error" message="&apos;{&apos; is not preceded with whitespace." source="com.puppycrawl.tools.checkstyle.checks.whitespace.WhitespaceAroundCheck"/>
<error line="63" severity="error" message="&apos;method def modifier&apos; has incorrect indentation level 3, expected level should be 4." source="com.puppycrawl.tools.checkstyle.checks.indentation.IndentationCheck"/>
<error line="63" column="4" severity="error" message="Executable statement count is 37 (max allowed is 30)." source="com.puppycrawl.tools.checkstyle.checks.sizes.ExecutableStatementCountCheck"/>
<error line="63" column="26" severity="error" message="&apos;{&apos; is not preceded with whitespace." source="com.puppycrawl.tools.checkstyle.checks.whitespace.WhitespaceAroundCheck"/>
<error line="64" column="17" severity="error" message="Variable &apos;trigger1&apos; should be declared final." source="com.puppycrawl.tools.checkstyle.checks.coding.FinalLocalVariableCheck"/>
<error line="65" column="17" severity="error" message="Variable &apos;trigger2&apos; should be declared final." source="com.puppycrawl.tools.checkstyle.checks.coding.FinalLocalVariableCheck"/>
<error line="67" column="15" severity="error" message="Variable &apos;event1&apos; should be declared final." source="com.puppycrawl.tools.checkstyle.checks.coding.FinalLocalVariableCheck"/>
<error line="67" column="55" severity="error" message="&apos;)&apos; is preceded with whitespace." source="com.puppycrawl.tools.checkstyle.checks.whitespace.ParenPadCheck"/>
<error line="68" column="15" severity="error" message="Variable &apos;event2&apos; should be declared final." source="com.puppycrawl.tools.checkstyle.checks.coding.FinalLocalVariableCheck"/>
<error line="70" column="16" severity="error" message="Variable &apos;events&apos; should be declared final." source="com.puppycrawl.tools.checkstyle.checks.coding.FinalLocalVariableCheck"/>
<error line="78" severity="error" message="Comment has incorrect indentation level 0, expected is 7, indentation should be the same level as line 79." source="com.puppycrawl.tools.checkstyle.checks.indentation.CommentsIndentationCheck"/>
<error line="79" severity="error" message="&apos;method def&apos; child has incorrect indentation level 7, expected level should be 8." source="com.puppycrawl.tools.checkstyle.checks.indentation.IndentationCheck"/>
<error line="80" severity="error" message="&apos;method def&apos; child has incorrect indentation level 7, expected level should be 8." source="com.puppycrawl.tools.checkstyle.checks.indentation.IndentationCheck"/>
<error line="85" column="17" severity="error" message="Variable &apos;ability1&apos; should be declared final." source="com.puppycrawl.tools.checkstyle.checks.coding.FinalLocalVariableCheck"/>
<error line="86" column="17" severity="error" message="Variable &apos;ability2&apos; should be declared final." source="com.puppycrawl.tools.checkstyle.checks.coding.FinalLocalVariableCheck"/>
<error line="87" column="17" severity="error" message="Variable &apos;ability3&apos; should be declared final." source="com.puppycrawl.tools.checkstyle.checks.coding.FinalLocalVariableCheck"/>
<error line="94" column="14" severity="error" message="Variable &apos;info&apos; should be declared final." source="com.puppycrawl.tools.checkstyle.checks.coding.FinalLocalVariableCheck"/>
<error line="95" column="14" severity="error" message="Variable &apos;gold&apos; should be declared final." source="com.puppycrawl.tools.checkstyle.checks.coding.FinalLocalVariableCheck"/>
<error line="98" column="20" severity="error" message="Variable &apos;lifepoints&apos; should be declared final." source="com.puppycrawl.tools.checkstyle.checks.coding.FinalLocalVariableCheck"/>
<error line="100" column="14" severity="error" message="Variable &apos;info1&apos; should be declared final." source="com.puppycrawl.tools.checkstyle.checks.coding.FinalLocalVariableCheck"/>
<error line="105" column="20" severity="error" message="Variable &apos;playfields&apos; should be declared final." source="com.puppycrawl.tools.checkstyle.checks.coding.FinalLocalVariableCheck"/>
<error line="107" column="19" severity="error" message="Variable &apos;playfield&apos; should be declared final." source="com.puppycrawl.tools.checkstyle.checks.coding.FinalLocalVariableCheck"/>
<error line="109" column="28" severity="error" message="Variable &apos;points&apos; should be declared final." source="com.puppycrawl.tools.checkstyle.checks.coding.FinalLocalVariableCheck"/>
</file>
<file name="C:\Users\rutge\Desktop\Howest\Semesters\S3\Project 2\projectTetris\groep-21\project\src\main\java\game\api\webapi\Routes.java">
<error line="15" severity="error" message="Missing a Javadoc comment." source="com.puppycrawl.tools.checkstyle.checks.javadoc.JavadocTypeCheck"/>
<error line="21" column="52" severity="error" message="&apos;{&apos; is not preceded with whitespace." source="com.puppycrawl.tools.checkstyle.checks.whitespace.WhitespaceAroundCheck"/>
<error line="22" column="28" severity="error" message="Variable &apos;response&apos; should be declared final." source="com.puppycrawl.tools.checkstyle.checks.coding.FinalLocalVariableCheck"/>
<error line="28" column="24" severity="error" message="&apos;{&apos; is not preceded with whitespace." source="com.puppycrawl.tools.checkstyle.checks.whitespace.WhitespaceAroundCheck"/>
<error line="34" column="5" severity="error" message="Constructor definition in wrong order." source="com.puppycrawl.tools.checkstyle.checks.coding.DeclarationOrderCheck"/>
<error line="39" column="31" severity="error" message="&apos;{&apos; is not preceded with whitespace." source="com.puppycrawl.tools.checkstyle.checks.whitespace.WhitespaceAroundCheck"/>
<error line="40" severity="error" message="Comment has incorrect indentation level 0, expected is 8, indentation should be the same level as line 41." source="com.puppycrawl.tools.checkstyle.checks.indentation.CommentsIndentationCheck"/>
<error line="41" column="51" severity="error" message="&apos;,&apos; is not followed by whitespace." source="com.puppycrawl.tools.checkstyle.checks.whitespace.WhitespaceAfterCheck"/>
<error line="43" severity="error" message="Comment has incorrect indentation level 0, expected is 8, indentation should be the same level as line 44." source="com.puppycrawl.tools.checkstyle.checks.indentation.CommentsIndentationCheck"/>
<error line="46" severity="error" message="Comment has incorrect indentation level 0, expected is 8, indentation should be the same level as line 47." source="com.puppycrawl.tools.checkstyle.checks.indentation.CommentsIndentationCheck"/>
<error line="49" severity="error" message="Comment has incorrect indentation level 0, expected is 8, indentation should be the same level as line 50." source="com.puppycrawl.tools.checkstyle.checks.indentation.CommentsIndentationCheck"/>
<error line="56" severity="error" message="Comment has incorrect indentation level 0, expected is 8, indentation should be the same level as line 57." source="com.puppycrawl.tools.checkstyle.checks.indentation.CommentsIndentationCheck"/>
<error line="57" column="50" severity="error" message="&apos;,&apos; is not followed by whitespace." source="com.puppycrawl.tools.checkstyle.checks.whitespace.WhitespaceAfterCheck"/>
<error line="58" column="52" severity="error" message="&apos;,&apos; is not followed by whitespace." source="com.puppycrawl.tools.checkstyle.checks.whitespace.WhitespaceAfterCheck"/>
<error line="61" severity="error" message="Comment has incorrect indentation level 0, expected is 8, indentation should be the same level as line 64." source="com.puppycrawl.tools.checkstyle.checks.indentation.CommentsIndentationCheck"/>
<error line="76" column="13" severity="error" message="Name &apos;UserId&apos; must match pattern &apos;^[a-z][a-zA-Z0-9]*$&apos;." source="com.puppycrawl.tools.checkstyle.checks.naming.LocalVariableNameCheck"/>
<error line="76" column="13" severity="error" message="Variable &apos;UserId&apos; should be declared final." source="com.puppycrawl.tools.checkstyle.checks.coding.FinalLocalVariableCheck"/>
<error line="84" column="20" severity="error" message="Variable &apos;json&apos; should be declared final." source="com.puppycrawl.tools.checkstyle.checks.coding.FinalLocalVariableCheck"/>
<error line="94" column="20" severity="error" message="Variable &apos;userMessage&apos; should be declared final." source="com.puppycrawl.tools.checkstyle.checks.coding.FinalLocalVariableCheck"/>
<error line="95" column="16" severity="error" message="Variable &apos;username&apos; should be declared final." source="com.puppycrawl.tools.checkstyle.checks.coding.FinalLocalVariableCheck"/>
<error line="95" column="49" severity="error" message="The String &quot;username&quot; appears 2 times in the file." source="com.puppycrawl.tools.checkstyle.checks.coding.MultipleStringLiteralsCheck"/>
<error line="96" column="16" severity="error" message="Variable &apos;password&apos; should be declared final." source="com.puppycrawl.tools.checkstyle.checks.coding.FinalLocalVariableCheck"/>
<error line="96" column="49" severity="error" message="The String &quot;password&quot; appears 2 times in the file." source="com.puppycrawl.tools.checkstyle.checks.coding.MultipleStringLiteralsCheck"/>
<error line="105" column="20" severity="error" message="Variable &apos;userMessage&apos; should be declared final." source="com.puppycrawl.tools.checkstyle.checks.coding.FinalLocalVariableCheck"/>
<error line="106" column="16" severity="error" message="Variable &apos;username&apos; should be declared final." source="com.puppycrawl.tools.checkstyle.checks.coding.FinalLocalVariableCheck"/>
<error line="107" column="16" severity="error" message="Variable &apos;email&apos; should be declared final." source="com.puppycrawl.tools.checkstyle.checks.coding.FinalLocalVariableCheck"/>
<error line="108" column="16" severity="error" message="Variable &apos;password&apos; should be declared final." source="com.puppycrawl.tools.checkstyle.checks.coding.FinalLocalVariableCheck"/>
<error line="118" severity="error" message="Comment has incorrect indentation level 0, expected is 4, indentation should be the same level as line 120." source="com.puppycrawl.tools.checkstyle.checks.indentation.CommentsIndentationCheck"/>
<error line="121" column="16" severity="error" message="Variable &apos;username&apos; should be declared final." source="com.puppycrawl.tools.checkstyle.checks.coding.FinalLocalVariableCheck"/>
<error line="131" column="13" severity="error" message="Variable &apos;playerId&apos; should be declared final." source="com.puppycrawl.tools.checkstyle.checks.coding.FinalLocalVariableCheck"/>
<error line="143" column="20" severity="error" message="Variable &apos;userMessage&apos; should be declared final." source="com.puppycrawl.tools.checkstyle.checks.coding.FinalLocalVariableCheck"/>
<error line="145" column="13" severity="error" message="Variable &apos;factionId&apos; should be declared final." source="com.puppycrawl.tools.checkstyle.checks.coding.FinalLocalVariableCheck"/>
<error line="146" column="13" severity="error" message="Variable &apos;userId&apos; should be declared final." source="com.puppycrawl.tools.checkstyle.checks.coding.FinalLocalVariableCheck"/>
<error line="148" column="72" severity="error" message="&apos;(&apos; is followed by whitespace." source="com.puppycrawl.tools.checkstyle.checks.whitespace.ParenPadCheck"/>
<error line="169" severity="error" message="Comment has incorrect indentation level 0, expected is 4, indentation should be the same level as line 172." source="com.puppycrawl.tools.checkstyle.checks.indentation.CommentsIndentationCheck"/>
<error line="172" column="47" severity="error" message="&apos;{&apos; is not preceded with whitespace." source="com.puppycrawl.tools.checkstyle.checks.whitespace.WhitespaceAroundCheck"/>
<error line="173" column="22" severity="error" message="Variable &apos;mapper&apos; should be declared final." source="com.puppycrawl.tools.checkstyle.checks.coding.FinalLocalVariableCheck"/>
<error line="175" column="20" severity="error" message="Variable &apos;json&apos; should be declared final." source="com.puppycrawl.tools.checkstyle.checks.coding.FinalLocalVariableCheck"/>
<error line="177" column="44" severity="error" message="&apos;{&apos; is not preceded with whitespace." source="com.puppycrawl.tools.checkstyle.checks.whitespace.WhitespaceAroundCheck"/>
<error line="187" severity="error" message="Comment has incorrect indentation level 0, expected is 8, indentation should be the same level as line 185." source="com.puppycrawl.tools.checkstyle.checks.indentation.CommentsIndentationCheck"/>
<error line="193" column="18" severity="error" message="Name &apos;ImReady&apos; must match pattern &apos;^[a-z][a-zA-Z0-9]*$&apos;." source="com.puppycrawl.tools.checkstyle.checks.naming.MethodNameCheck"/>
<error line="193" column="42" severity="error" message="&apos;{&apos; is not preceded with whitespace." source="com.puppycrawl.tools.checkstyle.checks.whitespace.WhitespaceAroundCheck"/>
<error line="221" severity="error" message="Comment has incorrect indentation level 0, expected is 4, indentation should be the same level as line 193." source="com.puppycrawl.tools.checkstyle.checks.indentation.CommentsIndentationCheck"/>
</file>
<file name="C:\Users\rutge\Desktop\Howest\Semesters\S3\Project 2\projectTetris\groep-21\project\src\main\java\game\api\webapi\TetrisSockJSHandler.java">
<error line="8" severity="error" message="Missing a Javadoc comment." source="com.puppycrawl.tools.checkstyle.checks.javadoc.JavadocTypeCheck"/>
</file>
<file name="C:\Users\rutge\Desktop\Howest\Semesters\S3\Project 2\projectTetris\groep-21\project\src\main\java\game\api\webapi\WebAPI.java">
<error line="0" severity="error" message="File does not end with a newline." source="com.puppycrawl.tools.checkstyle.checks.NewlineAtEndOfFileCheck"/>
<error line="3" column="8" severity="error" message="Unused import - game.Game." source="com.puppycrawl.tools.checkstyle.checks.imports.UnusedImportsCheck"/>
<error line="10" severity="error" message="Missing a Javadoc comment." source="com.puppycrawl.tools.checkstyle.checks.javadoc.JavadocTypeCheck"/>
<error line="21" column="20" severity="error" message="Variable &apos;server&apos; should be declared final." source="com.puppycrawl.tools.checkstyle.checks.coding.FinalLocalVariableCheck"/>
<error line="22" column="16" severity="error" message="Variable &apos;router&apos; should be declared final." source="com.puppycrawl.tools.checkstyle.checks.coding.FinalLocalVariableCheck"/>
<error line="24" column="16" severity="error" message="Variable &apos;routes&apos; should be declared final." source="com.puppycrawl.tools.checkstyle.checks.coding.FinalLocalVariableCheck"/>
<error line="32" severity="error" message="Comment has incorrect indentation level 0, expected is 8, indentation should be the same level as line 28." source="com.puppycrawl.tools.checkstyle.checks.indentation.CommentsIndentationCheck"/>
</file>
<file name="C:\Users\rutge\Desktop\Howest\Semesters\S3\Project 2\projectTetris\groep-21\project\src\main\java\game\events\Events.java">
<error line="0" severity="error" message="File does not end with a newline." source="com.puppycrawl.tools.checkstyle.checks.NewlineAtEndOfFileCheck"/>
<error line="8" severity="error" message="Missing a Javadoc comment." source="com.puppycrawl.tools.checkstyle.checks.javadoc.JavadocTypeCheck"/>
</file>
<file name="C:\Users\rutge\Desktop\Howest\Semesters\S3\Project 2\projectTetris\groep-21\project\src\main\java\game\events\event\Event.java">
<error line="0" severity="error" message="File does not end with a newline." source="com.puppycrawl.tools.checkstyle.checks.NewlineAtEndOfFileCheck"/>
<error line="3" severity="error" message="Missing a Javadoc comment." source="com.puppycrawl.tools.checkstyle.checks.javadoc.JavadocTypeCheck"/>
<error line="39" column="25" severity="error" message="&apos;+&apos; should be on a new line." source="com.puppycrawl.tools.checkstyle.checks.whitespace.OperatorWrapCheck"/>
<error line="40" column="40" severity="error" message="&apos;+&apos; should be on a new line." source="com.puppycrawl.tools.checkstyle.checks.whitespace.OperatorWrapCheck"/>
<error line="41" column="40" severity="error" message="&apos;+&apos; should be on a new line." source="com.puppycrawl.tools.checkstyle.checks.whitespace.OperatorWrapCheck"/>
</file>
<file name="C:\Users\rutge\Desktop\Howest\Semesters\S3\Project 2\projectTetris\groep-21\project\src\main\java\game\events\event\Trigger.java">
<error line="3" severity="error" message="Missing a Javadoc comment." source="com.puppycrawl.tools.checkstyle.checks.javadoc.JavadocTypeCheck"/>
</file>
<file name="C:\Users\rutge\Desktop\Howest\Semesters\S3\Project 2\projectTetris\groep-21\project\src\main\java\game\player\Player.java">
<error line="9" severity="error" message="Missing a Javadoc comment." source="com.puppycrawl.tools.checkstyle.checks.javadoc.JavadocTypeCheck"/>
<error line="56" severity="error" message="&apos;if&apos; construct must use &apos;{}&apos;s." source="com.puppycrawl.tools.checkstyle.checks.blocks.NeedBracesCheck"/>
<error line="57" severity="error" message="&apos;if&apos; construct must use &apos;{}&apos;s." source="com.puppycrawl.tools.checkstyle.checks.blocks.NeedBracesCheck"/>
<error line="58" column="16" severity="error" message="Variable &apos;player&apos; should be declared final." source="com.puppycrawl.tools.checkstyle.checks.coding.FinalLocalVariableCheck"/>
<error line="70" column="26" severity="error" message="&apos;+&apos; should be on a new line." source="com.puppycrawl.tools.checkstyle.checks.whitespace.OperatorWrapCheck"/>
<error line="71" column="40" severity="error" message="&apos;+&apos; should be on a new line." source="com.puppycrawl.tools.checkstyle.checks.whitespace.OperatorWrapCheck"/>
<error line="72" column="34" severity="error" message="&apos;+&apos; should be on a new line." source="com.puppycrawl.tools.checkstyle.checks.whitespace.OperatorWrapCheck"/>
<error line="73" column="46" severity="error" message="&apos;+&apos; should be on a new line." source="com.puppycrawl.tools.checkstyle.checks.whitespace.OperatorWrapCheck"/>
<error line="74" column="34" severity="error" message="&apos;+&apos; should be on a new line." source="com.puppycrawl.tools.checkstyle.checks.whitespace.OperatorWrapCheck"/>
</file>
<file name="C:\Users\rutge\Desktop\Howest\Semesters\S3\Project 2\projectTetris\groep-21\project\src\main\java\game\player\hero\Hero.java">
<error line="8" column="8" severity="error" message="Unused import - java.util.logging.Logger." source="com.puppycrawl.tools.checkstyle.checks.imports.UnusedImportsCheck"/>
<error line="10" severity="error" message="Missing a Javadoc comment." source="com.puppycrawl.tools.checkstyle.checks.javadoc.JavadocTypeCheck"/>
<error line="32" column="44" severity="error" message="&apos;{&apos; is not preceded with whitespace." source="com.puppycrawl.tools.checkstyle.checks.whitespace.WhitespaceAroundCheck"/>
<error line="33" column="68" severity="error" message="&apos;{&apos; is not preceded with whitespace." source="com.puppycrawl.tools.checkstyle.checks.whitespace.WhitespaceAroundCheck"/>
<error line="40" column="47" severity="error" message="&apos;{&apos; is not preceded with whitespace." source="com.puppycrawl.tools.checkstyle.checks.whitespace.WhitespaceAroundCheck"/>
<error line="41" column="42" severity="error" message="&apos;{&apos; is not preceded with whitespace." source="com.puppycrawl.tools.checkstyle.checks.whitespace.WhitespaceAroundCheck"/>
<error line="54" severity="error" message="&apos;if&apos; construct must use &apos;{}&apos;s." source="com.puppycrawl.tools.checkstyle.checks.blocks.NeedBracesCheck"/>
<error line="55" severity="error" message="&apos;if&apos; construct must use &apos;{}&apos;s." source="com.puppycrawl.tools.checkstyle.checks.blocks.NeedBracesCheck"/>
<error line="56" column="14" severity="error" message="Variable &apos;hero&apos; should be declared final." source="com.puppycrawl.tools.checkstyle.checks.coding.FinalLocalVariableCheck"/>
<error line="69" column="24" severity="error" message="&apos;+&apos; should be on a new line." source="com.puppycrawl.tools.checkstyle.checks.whitespace.OperatorWrapCheck"/>
<error line="70" column="40" severity="error" message="&apos;+&apos; should be on a new line." source="com.puppycrawl.tools.checkstyle.checks.whitespace.OperatorWrapCheck"/>
<error line="71" column="46" severity="error" message="&apos;+&apos; should be on a new line." source="com.puppycrawl.tools.checkstyle.checks.whitespace.OperatorWrapCheck"/>
</file>
<file name="C:\Users\rutge\Desktop\Howest\Semesters\S3\Project 2\projectTetris\groep-21\project\src\main\java\game\player\hero\ability\Ability.java">
<error line="0" severity="error" message="File does not end with a newline." source="com.puppycrawl.tools.checkstyle.checks.NewlineAtEndOfFileCheck"/>
<error line="5" severity="error" message="Missing a Javadoc comment." source="com.puppycrawl.tools.checkstyle.checks.javadoc.JavadocTypeCheck"/>
</file>
<file name="C:\Users\rutge\Desktop\Howest\Semesters\S3\Project 2\projectTetris\groep-21\project\src\main\java\game\player\hero\ability\AbilityLvl1.java">
<error line="5" severity="error" message="Missing a Javadoc comment." source="com.puppycrawl.tools.checkstyle.checks.javadoc.JavadocTypeCheck"/>
<error line="7" column="20" severity="error" message="Variable &apos;name&apos; explicitly initialized to &apos;null&apos; (default value for its type)." source="com.puppycrawl.tools.checkstyle.checks.coding.ExplicitInitializationCheck"/>
<error line="10" column="5" severity="error" message="Static variable definition in wrong order." source="com.puppycrawl.tools.checkstyle.checks.coding.DeclarationOrderCheck"/>
<error line="10" column="24" severity="error" message="Variable &apos;numberOfTimesUsed&apos; explicitly initialized to &apos;0&apos; (default value for its type)." source="com.puppycrawl.tools.checkstyle.checks.coding.ExplicitInitializationCheck"/>
<error line="40" column="46" severity="error" message="&apos;{&apos; is not preceded with whitespace." source="com.puppycrawl.tools.checkstyle.checks.whitespace.WhitespaceAroundCheck"/>
<error line="53" column="23" severity="error" message="&apos;{&apos; is not preceded with whitespace." source="com.puppycrawl.tools.checkstyle.checks.whitespace.WhitespaceAroundCheck"/>
<error line="70" column="31" severity="error" message="&apos;+&apos; should be on a new line." source="com.puppycrawl.tools.checkstyle.checks.whitespace.OperatorWrapCheck"/>
<error line="71" column="40" severity="error" message="&apos;+&apos; should be on a new line." source="com.puppycrawl.tools.checkstyle.checks.whitespace.OperatorWrapCheck"/>
<error line="72" column="46" severity="error" message="&apos;+&apos; should be on a new line." source="com.puppycrawl.tools.checkstyle.checks.whitespace.OperatorWrapCheck"/>
<error line="73" column="44" severity="error" message="&apos;+&apos; should be on a new line." source="com.puppycrawl.tools.checkstyle.checks.whitespace.OperatorWrapCheck"/>
</file>
<file name="C:\Users\rutge\Desktop\Howest\Semesters\S3\Project 2\projectTetris\groep-21\project\src\main\java\game\player\hero\ability\AbilityLvl2.java">
<error line="5" severity="error" message="Missing a Javadoc comment." source="com.puppycrawl.tools.checkstyle.checks.javadoc.JavadocTypeCheck"/>
<error line="7" column="20" severity="error" message="Variable &apos;name&apos; explicitly initialized to &apos;null&apos; (default value for its type)." source="com.puppycrawl.tools.checkstyle.checks.coding.ExplicitInitializationCheck"/>
<error line="10" column="5" severity="error" message="Static variable definition in wrong order." source="com.puppycrawl.tools.checkstyle.checks.coding.DeclarationOrderCheck"/>
<error line="10" column="24" severity="error" message="Variable &apos;numberOfTimesUsed&apos; explicitly initialized to &apos;0&apos; (default value for its type)." source="com.puppycrawl.tools.checkstyle.checks.coding.ExplicitInitializationCheck"/>
<error line="42" column="46" severity="error" message="&apos;{&apos; is not preceded with whitespace." source="com.puppycrawl.tools.checkstyle.checks.whitespace.WhitespaceAroundCheck"/>
<error line="55" column="23" severity="error" message="&apos;{&apos; is not preceded with whitespace." source="com.puppycrawl.tools.checkstyle.checks.whitespace.WhitespaceAroundCheck"/>
<error line="72" column="31" severity="error" message="&apos;+&apos; should be on a new line." source="com.puppycrawl.tools.checkstyle.checks.whitespace.OperatorWrapCheck"/>
<error line="73" column="40" severity="error" message="&apos;+&apos; should be on a new line." source="com.puppycrawl.tools.checkstyle.checks.whitespace.OperatorWrapCheck"/>
<error line="74" column="46" severity="error" message="&apos;+&apos; should be on a new line." source="com.puppycrawl.tools.checkstyle.checks.whitespace.OperatorWrapCheck"/>
<error line="75" column="44" severity="error" message="&apos;+&apos; should be on a new line." source="com.puppycrawl.tools.checkstyle.checks.whitespace.OperatorWrapCheck"/>
</file>
<file name="C:\Users\rutge\Desktop\Howest\Semesters\S3\Project 2\projectTetris\groep-21\project\src\main\java\game\player\hero\ability\AbilityLvl3.java">
<error line="5" severity="error" message="Missing a Javadoc comment." source="com.puppycrawl.tools.checkstyle.checks.javadoc.JavadocTypeCheck"/>
<error line="7" column="20" severity="error" message="Variable &apos;name&apos; explicitly initialized to &apos;null&apos; (default value for its type)." source="com.puppycrawl.tools.checkstyle.checks.coding.ExplicitInitializationCheck"/>
<error line="10" column="5" severity="error" message="Static variable definition in wrong order." source="com.puppycrawl.tools.checkstyle.checks.coding.DeclarationOrderCheck"/>
<error line="10" column="24" severity="error" message="Variable &apos;numberOfTimesUsed&apos; explicitly initialized to &apos;0&apos; (default value for its type)." source="com.puppycrawl.tools.checkstyle.checks.coding.ExplicitInitializationCheck"/>
<error line="40" column="46" severity="error" message="&apos;{&apos; is not preceded with whitespace." source="com.puppycrawl.tools.checkstyle.checks.whitespace.WhitespaceAroundCheck"/>
<error line="53" column="23" severity="error" message="&apos;{&apos; is not preceded with whitespace." source="com.puppycrawl.tools.checkstyle.checks.whitespace.WhitespaceAroundCheck"/>
<error line="70" column="31" severity="error" message="&apos;+&apos; should be on a new line." source="com.puppycrawl.tools.checkstyle.checks.whitespace.OperatorWrapCheck"/>
<error line="71" column="40" severity="error" message="&apos;+&apos; should be on a new line." source="com.puppycrawl.tools.checkstyle.checks.whitespace.OperatorWrapCheck"/>
<error line="72" column="46" severity="error" message="&apos;+&apos; should be on a new line." source="com.puppycrawl.tools.checkstyle.checks.whitespace.OperatorWrapCheck"/>
<error line="73" column="44" severity="error" message="&apos;+&apos; should be on a new line." source="com.puppycrawl.tools.checkstyle.checks.whitespace.OperatorWrapCheck"/>
</file>
<file name="C:\Users\rutge\Desktop\Howest\Semesters\S3\Project 2\projectTetris\groep-21\project\src\main\java\game\player\info\Gold.java">
<error line="3" severity="error" message="Missing a Javadoc comment." source="com.puppycrawl.tools.checkstyle.checks.javadoc.JavadocTypeCheck"/>
<error line="16" column="34" severity="error" message="&apos;{&apos; is not preceded with whitespace." source="com.puppycrawl.tools.checkstyle.checks.whitespace.WhitespaceAroundCheck"/>
<error line="20" column="40" severity="error" message="&apos;{&apos; is not preceded with whitespace." source="com.puppycrawl.tools.checkstyle.checks.whitespace.WhitespaceAroundCheck"/>
<error line="21" column="24" severity="error" message="Inner assignments should be avoided." source="com.puppycrawl.tools.checkstyle.checks.coding.InnerAssignmentCheck"/>
<error line="21" column="32" severity="error" message="&apos;&gt;=&apos; is not preceded with whitespace." source="com.puppycrawl.tools.checkstyle.checks.whitespace.WhitespaceAroundCheck"/>
<error line="21" column="37" severity="error" message="&apos;{&apos; is not preceded with whitespace." source="com.puppycrawl.tools.checkstyle.checks.whitespace.WhitespaceAroundCheck"/>
<error line="22" severity="error" message="Don&apos;t use trailing comments." source="com.puppycrawl.tools.checkstyle.checks.TrailingCommentCheck"/>
<error line="24" severity="error" message="Don&apos;t use trailing comments." source="com.puppycrawl.tools.checkstyle.checks.TrailingCommentCheck"/>
</file>
<file name="C:\Users\rutge\Desktop\Howest\Semesters\S3\Project 2\projectTetris\groep-21\project\src\main\java\game\player\info\Info.java">
<error line="0" severity="error" message="File does not end with a newline." source="com.puppycrawl.tools.checkstyle.checks.NewlineAtEndOfFileCheck"/>
<error line="3" severity="error" message="Missing a Javadoc comment." source="com.puppycrawl.tools.checkstyle.checks.javadoc.JavadocTypeCheck"/>
<error line="33" column="24" severity="error" message="&apos;+&apos; should be on a new line." source="com.puppycrawl.tools.checkstyle.checks.whitespace.OperatorWrapCheck"/>
<error line="34" column="32" severity="error" message="&apos;+&apos; should be on a new line." source="com.puppycrawl.tools.checkstyle.checks.whitespace.OperatorWrapCheck"/>
<error line="35" column="46" severity="error" message="&apos;+&apos; should be on a new line." source="com.puppycrawl.tools.checkstyle.checks.whitespace.OperatorWrapCheck"/>
</file>
<file name="C:\Users\rutge\Desktop\Howest\Semesters\S3\Project 2\projectTetris\groep-21\project\src\main\java\game\player\info\Lifepoints.java">
<error line="3" severity="error" message="Missing a Javadoc comment." source="com.puppycrawl.tools.checkstyle.checks.javadoc.JavadocTypeCheck"/>
<error line="13" column="29" severity="error" message="&apos;{&apos; is not preceded with whitespace." source="com.puppycrawl.tools.checkstyle.checks.whitespace.WhitespaceAroundCheck"/>
<error line="19" column="31" severity="error" message="&apos;{&apos; is not preceded with whitespace." source="com.puppycrawl.tools.checkstyle.checks.whitespace.WhitespaceAroundCheck"/>
<error line="20" severity="error" message="Don&apos;t use trailing comments." source="com.puppycrawl.tools.checkstyle.checks.TrailingCommentCheck"/>
<error line="20" column="29" severity="error" message="&apos;{&apos; is not preceded with whitespace." source="com.puppycrawl.tools.checkstyle.checks.whitespace.WhitespaceAroundCheck"/>
<error line="21" column="23" severity="error" message="&apos;++&apos; is preceded with whitespace." source="com.puppycrawl.tools.checkstyle.checks.whitespace.NoWhitespaceBeforeCheck"/>
<error line="27" column="37" severity="error" message="&apos;{&apos; is not preceded with whitespace." source="com.puppycrawl.tools.checkstyle.checks.whitespace.WhitespaceAroundCheck"/>
<error line="28" column="28" severity="error" message="&apos;{&apos; is not preceded with whitespace." source="com.puppycrawl.tools.checkstyle.checks.whitespace.WhitespaceAroundCheck"/>
<error line="29" column="23" severity="error" message="&apos;--&apos; is preceded with whitespace." source="com.puppycrawl.tools.checkstyle.checks.whitespace.NoWhitespaceBeforeCheck"/>
<error line="30" severity="error" message="Don&apos;t use trailing comments." source="com.puppycrawl.tools.checkstyle.checks.TrailingCommentCheck"/>
<error line="32" severity="error" message="Don&apos;t use trailing comments." source="com.puppycrawl.tools.checkstyle.checks.TrailingCommentCheck"/>
<error line="41" severity="error" message="Comment has incorrect indentation level 0, expected is 20, indentation should be the same level as line 42." source="com.puppycrawl.tools.checkstyle.checks.indentation.CommentsIndentationCheck"/>
<error line="52" column="16" severity="error" message="Use a single space to separate non-whitespace characters." source="com.puppycrawl.tools.checkstyle.checks.whitespace.SingleSpaceSeparatorCheck"/>
</file>
<file name="C:\Users\rutge\Desktop\Howest\Semesters\S3\Project 2\projectTetris\groep-21\project\src\main\java\game\player\info\Xp.java">
<error line="3" severity="error" message="Missing a Javadoc comment." source="com.puppycrawl.tools.checkstyle.checks.javadoc.JavadocTypeCheck"/>
</file>
<file name="C:\Users\rutge\Desktop\Howest\Semesters\S3\Project 2\projectTetris\groep-21\project\src\main\java\game\player\playfields\Playfields.java">
<error line="6" column="8" severity="error" message="Unused import - java.util.LinkedList." source="com.puppycrawl.tools.checkstyle.checks.imports.UnusedImportsCheck"/>
<error line="9" severity="error" message="Missing a Javadoc comment." source="com.puppycrawl.tools.checkstyle.checks.javadoc.JavadocTypeCheck"/>
<error line="22" column="50" severity="error" message="&apos;{&apos; is not preceded with whitespace." source="com.puppycrawl.tools.checkstyle.checks.whitespace.WhitespaceAroundCheck"/>
<error line="26" column="53" severity="error" message="&apos;{&apos; is not preceded with whitespace." source="com.puppycrawl.tools.checkstyle.checks.whitespace.WhitespaceAroundCheck"/>
</file>
<file name="C:\Users\rutge\Desktop\Howest\Semesters\S3\Project 2\projectTetris\groep-21\project\src\main\java\game\player\playfields\playfield\Blocks.java">
<error line="8" severity="error" message="Missing a Javadoc comment." source="com.puppycrawl.tools.checkstyle.checks.javadoc.JavadocTypeCheck"/>
<error line="17" column="13" severity="error" message="Variable &apos;amountOfBlocks&apos; should be declared final." source="com.puppycrawl.tools.checkstyle.checks.coding.FinalLocalVariableCheck"/>
<error line="18" column="14" severity="error" message="Variable &apos;randomNumber&apos; should be declared final." source="com.puppycrawl.tools.checkstyle.checks.coding.FinalLocalVariableCheck"/>
<error line="18" column="40" severity="error" message="Unnecessary parentheses around assignment right-hand side." source="com.puppycrawl.tools.checkstyle.checks.coding.UnnecessaryParenthesesCheck"/>
<error line="19" column="13" severity="error" message="Variable &apos;randomNumberToInt&apos; should be declared final." source="com.puppycrawl.tools.checkstyle.checks.coding.FinalLocalVariableCheck"/>
</file>
<file name="C:\Users\rutge\Desktop\Howest\Semesters\S3\Project 2\projectTetris\groep-21\project\src\main\java\game\player\playfields\playfield\Playfield.java">
<error line="0" severity="error" message="File does not end with a newline." source="com.puppycrawl.tools.checkstyle.checks.NewlineAtEndOfFileCheck"/>
<error line="9" severity="error" message="Missing a Javadoc comment." source="com.puppycrawl.tools.checkstyle.checks.javadoc.JavadocTypeCheck"/>
<error line="11" severity="error" message="Don&apos;t use trailing comments." source="com.puppycrawl.tools.checkstyle.checks.TrailingCommentCheck"/>
<error line="25" column="13" severity="error" message="Variable &apos;previousScore&apos; should be declared final." source="com.puppycrawl.tools.checkstyle.checks.coding.FinalLocalVariableCheck"/>
<error line="30" column="5" severity="error" message="Constructor definition in wrong order." source="com.puppycrawl.tools.checkstyle.checks.coding.DeclarationOrderCheck"/>
<error line="44" column="27" severity="error" message="Variable &apos;playWidth&apos; should be declared final." source="com.puppycrawl.tools.checkstyle.checks.coding.FinalLocalVariableCheck"/>
<error line="57" column="15" severity="error" message="Variable &apos;randomBlock&apos; should be declared final." source="com.puppycrawl.tools.checkstyle.checks.coding.FinalLocalVariableCheck"/>
<error line="64" column="33" severity="error" message="Variable &apos;block&apos; should be declared final." source="com.puppycrawl.tools.checkstyle.checks.coding.FinalLocalVariableCheck"/>
<error line="81" column="29" severity="error" message="Variable &apos;controlBlock&apos; should be declared final." source="com.puppycrawl.tools.checkstyle.checks.coding.FinalLocalVariableCheck"/>
<error line="103" column="23" severity="error" message="Variable &apos;completedLines&apos; should be declared final." source="com.puppycrawl.tools.checkstyle.checks.coding.FinalLocalVariableCheck"/>
<error line="137" column="17" severity="error" message="Variable &apos;heightOfField&apos; should be declared final." source="com.puppycrawl.tools.checkstyle.checks.coding.FinalLocalVariableCheck"/>
<error line="138" column="17" severity="error" message="Variable &apos;widthOfField&apos; should be declared final." source="com.puppycrawl.tools.checkstyle.checks.coding.FinalLocalVariableCheck"/>
<error line="145" column="23" severity="error" message="Variable &apos;blocks&apos; should be declared final." source="com.puppycrawl.tools.checkstyle.checks.coding.FinalLocalVariableCheck"/>
<error line="163" severity="error" message="&apos;if&apos; construct must use &apos;{}&apos;s." source="com.puppycrawl.tools.checkstyle.checks.blocks.NeedBracesCheck"/>
<error line="164" severity="error" message="&apos;if&apos; construct must use &apos;{}&apos;s." source="com.puppycrawl.tools.checkstyle.checks.blocks.NeedBracesCheck"/>
<error line="165" column="19" severity="error" message="Variable &apos;playfield1&apos; should be declared final." source="com.puppycrawl.tools.checkstyle.checks.coding.FinalLocalVariableCheck"/>
<error line="166" column="64" severity="error" message="&apos;&amp;&amp;&apos; should be on a new line." source="com.puppycrawl.tools.checkstyle.checks.whitespace.OperatorWrapCheck"/>
<error line="178" column="41" severity="error" message="&apos;+&apos; should be on a new line." source="com.puppycrawl.tools.checkstyle.checks.whitespace.OperatorWrapCheck"/>
<error line="179" column="36" severity="error" message="&apos;+&apos; should be on a new line." source="com.puppycrawl.tools.checkstyle.checks.whitespace.OperatorWrapCheck"/>
</file>
<file name="C:\Users\rutge\Desktop\Howest\Semesters\S3\Project 2\projectTetris\groep-21\project\src\main\java\game\player\playfields\playfield\PointsForAbilities.java">
<error line="3" severity="error" message="Missing a Javadoc comment." source="com.puppycrawl.tools.checkstyle.checks.javadoc.JavadocTypeCheck"/>
<error line="15" column="38" severity="error" message="&apos;{&apos; is not preceded with whitespace." source="com.puppycrawl.tools.checkstyle.checks.whitespace.WhitespaceAroundCheck"/>
<error line="16" column="24" severity="error" message="&apos;{&apos; is not preceded with whitespace." source="com.puppycrawl.tools.checkstyle.checks.whitespace.WhitespaceAroundCheck"/>
<error line="20" column="41" severity="error" message="&apos;{&apos; is not preceded with whitespace." source="com.puppycrawl.tools.checkstyle.checks.whitespace.WhitespaceAroundCheck"/>
<error line="21" column="24" severity="error" message="&apos;{&apos; is not preceded with whitespace." source="com.puppycrawl.tools.checkstyle.checks.whitespace.WhitespaceAroundCheck"/>
</file>
<file name="C:\Users\rutge\Desktop\Howest\Semesters\S3\Project 2\projectTetris\groep-21\project\src\main\java\game\player\playfields\playfield\Score.java">
<error line="0" severity="error" message="File does not end with a newline." source="com.puppycrawl.tools.checkstyle.checks.NewlineAtEndOfFileCheck"/>
<error line="3" severity="error" message="Missing a Javadoc comment." source="com.puppycrawl.tools.checkstyle.checks.javadoc.JavadocTypeCheck"/>
<error line="21" column="13" severity="error" message="Variable &apos;previousScore&apos; should be declared final." source="com.puppycrawl.tools.checkstyle.checks.coding.FinalLocalVariableCheck"/>
<error line="28" column="29" severity="error" message="&apos;*&apos; is not preceded with whitespace." source="com.puppycrawl.tools.checkstyle.checks.whitespace.WhitespaceAroundCheck"/>
<error line="28" column="30" severity="error" message="&apos;*&apos; is not followed by whitespace." source="com.puppycrawl.tools.checkstyle.checks.whitespace.WhitespaceAroundCheck"/>
<error line="28" column="31" severity="error" message="&apos;-&apos; is not preceded with whitespace." source="com.puppycrawl.tools.checkstyle.checks.whitespace.WhitespaceAroundCheck"/>
<error line="28" column="32" severity="error" message="&apos;-&apos; is not followed by whitespace." source="com.puppycrawl.tools.checkstyle.checks.whitespace.WhitespaceAroundCheck"/>
<error line="30" column="29" severity="error" message="&apos;*&apos; is not preceded with whitespace." source="com.puppycrawl.tools.checkstyle.checks.whitespace.WhitespaceAroundCheck"/>
<error line="30" column="30" severity="error" message="&apos;*&apos; is not followed by whitespace." source="com.puppycrawl.tools.checkstyle.checks.whitespace.WhitespaceAroundCheck"/>
<error line="30" column="31" severity="error" message="&apos;-&apos; is not preceded with whitespace." source="com.puppycrawl.tools.checkstyle.checks.whitespace.WhitespaceAroundCheck"/>
<error line="30" column="32" severity="error" message="&apos;-&apos; is not followed by whitespace." source="com.puppycrawl.tools.checkstyle.checks.whitespace.WhitespaceAroundCheck"/>
<error line="32" column="29" severity="error" message="&apos;*&apos; is not preceded with whitespace." source="com.puppycrawl.tools.checkstyle.checks.whitespace.WhitespaceAroundCheck"/>
<error line="32" column="30" severity="error" message="&apos;*&apos; is not followed by whitespace." source="com.puppycrawl.tools.checkstyle.checks.whitespace.WhitespaceAroundCheck"/>
<error line="32" column="31" severity="error" message="&apos;-&apos; is not preceded with whitespace." source="com.puppycrawl.tools.checkstyle.checks.whitespace.WhitespaceAroundCheck"/>
<error line="32" column="32" severity="error" message="&apos;-&apos; is not followed by whitespace." source="com.puppycrawl.tools.checkstyle.checks.whitespace.WhitespaceAroundCheck"/>
</file>
<file name="C:\Users\rutge\Desktop\Howest\Semesters\S3\Project 2\projectTetris\groep-21\project\src\main\java\game\player\playfields\playfield\block\Block.java">
<error line="0" severity="error" message="File does not end with a newline." source="com.puppycrawl.tools.checkstyle.checks.NewlineAtEndOfFileCheck"/>
<error line="9" severity="error" message="Missing a Javadoc comment." source="com.puppycrawl.tools.checkstyle.checks.javadoc.JavadocTypeCheck"/>
<error line="34" column="23" severity="error" message="Variable &apos;blockSize&apos; should be declared final." source="com.puppycrawl.tools.checkstyle.checks.coding.FinalLocalVariableCheck"/>
<error line="76" column="29" severity="error" message="Variable &apos;blockAfterTurn&apos; should be declared final." source="com.puppycrawl.tools.checkstyle.checks.coding.FinalLocalVariableCheck"/>
<error line="85" column="23" severity="error" message="Variable &apos;valuesAfterTurn&apos; should be declared final." source="com.puppycrawl.tools.checkstyle.checks.coding.FinalLocalVariableCheck"/>
<error line="88" severity="error" message="&apos;if&apos; child has incorrect indentation level 12, expected level should be 16." source="com.puppycrawl.tools.checkstyle.checks.indentation.IndentationCheck"/>
<error line="90" severity="error" message="&apos;else&apos; child has incorrect indentation level 12, expected level should be 16." source="com.puppycrawl.tools.checkstyle.checks.indentation.IndentationCheck"/>
<error line="97" column="29" severity="error" message="Variable &apos;blockAfterTurn&apos; should be declared final." source="com.puppycrawl.tools.checkstyle.checks.coding.FinalLocalVariableCheck"/>
<error line="106" column="23" severity="error" message="Variable &apos;valuesAfterTurn&apos; should be declared final." source="com.puppycrawl.tools.checkstyle.checks.coding.FinalLocalVariableCheck"/>
<error line="119" column="23" severity="error" message="Variable &apos;res&apos; should be declared final." source="com.puppycrawl.tools.checkstyle.checks.coding.FinalLocalVariableCheck"/>
</file>
<file name="C:\Users\rutge\Desktop\Howest\Semesters\S3\Project 2\projectTetris\groep-21\project\src\main\java\game\player\playfields\playfield\block\TypesOfBlocks.java">
<error line="3" severity="error" message="Missing a Javadoc comment." source="com.puppycrawl.tools.checkstyle.checks.javadoc.JavadocTypeCheck"/>
</file>
</checkstyle>
